This is pdfTeX, Version 3.14159265-2.6-1.40.19 (TeX Live 2018) (preloaded format=pdflatex 2018.10.4)  12 NOV 2018 17:29
entering extended mode
 restricted \write18 enabled.
 %&-line parsing enabled.
**DNS.tex
(./DNS.tex
LaTeX2e <2018-04-01> patch level 2
Babel <3.18> and hyphenation patterns for 22 language(s) loaded.
(/usr/local/texlive/2018basic/texmf-dist/tex/latex/base/article.cls
Document Class: article 2014/09/29 v1.4h Standard LaTeX document class
(/usr/local/texlive/2018basic/texmf-dist/tex/latex/base/size10.clo
File: size10.clo 2014/09/29 v1.4h Standard LaTeX file (size option)
)
\c@part=\count80
\c@section=\count81
\c@subsection=\count82
\c@subsubsection=\count83
\c@paragraph=\count84
\c@subparagraph=\count85
\c@figure=\count86
\c@table=\count87
\abovecaptionskip=\skip41
\belowcaptionskip=\skip42
\bibindent=\dimen102
)
(/usr/local/texlive/2018basic/texmf-dist/tex/latex/graphics/graphicx.sty
Package: graphicx 2017/06/01 v1.1a Enhanced LaTeX Graphics (DPC,SPQR)

(/usr/local/texlive/2018basic/texmf-dist/tex/latex/graphics/keyval.sty
Package: keyval 2014/10/28 v1.15 key=value parser (DPC)
\KV@toks@=\toks14
)
(/usr/local/texlive/2018basic/texmf-dist/tex/latex/graphics/graphics.sty
Package: graphics 2017/06/25 v1.2c Standard LaTeX Graphics (DPC,SPQR)

(/usr/local/texlive/2018basic/texmf-dist/tex/latex/graphics/trig.sty
Package: trig 2016/01/03 v1.10 sin cos tan (DPC)
)
(/usr/local/texlive/2018basic/texmf-dist/tex/latex/graphics-cfg/graphics.cfg
File: graphics.cfg 2016/06/04 v1.11 sample graphics configuration
)
Package graphics Info: Driver file: pdftex.def on input line 99.

(/usr/local/texlive/2018basic/texmf-dist/tex/latex/graphics-def/pdftex.def
File: pdftex.def 2018/01/08 v1.0l Graphics/color driver for pdftex
))
\Gin@req@height=\dimen103
\Gin@req@width=\dimen104
)
(/usr/local/texlive/2018basic/texmf-dist/tex/latex/caption/caption.sty
Package: caption 2016/02/21 v3.3-144 Customizing captions (AR)

(/usr/local/texlive/2018basic/texmf-dist/tex/latex/caption/caption3.sty
Package: caption3 2016/05/22 v1.7-166 caption3 kernel (AR)
Package caption3 Info: TeX engine: e-TeX on input line 67.
\captionmargin=\dimen105
\captionmargin@=\dimen106
\captionwidth=\dimen107
\caption@tempdima=\dimen108
\caption@indent=\dimen109
\caption@parindent=\dimen110
\caption@hangindent=\dimen111
)
\c@ContinuedFloat=\count88
)
(./DNS.aux)
\openout1 = `DNS.aux'.

LaTeX Font Info:    Checking defaults for OML/cmm/m/it on input line 6.
LaTeX Font Info:    ... okay on input line 6.
LaTeX Font Info:    Checking defaults for T1/cmr/m/n on input line 6.
LaTeX Font Info:    ... okay on input line 6.
LaTeX Font Info:    Checking defaults for OT1/cmr/m/n on input line 6.
LaTeX Font Info:    ... okay on input line 6.
LaTeX Font Info:    Checking defaults for OMS/cmsy/m/n on input line 6.
LaTeX Font Info:    ... okay on input line 6.
LaTeX Font Info:    Checking defaults for OMX/cmex/m/n on input line 6.
LaTeX Font Info:    ... okay on input line 6.
LaTeX Font Info:    Checking defaults for U/cmr/m/n on input line 6.
LaTeX Font Info:    ... okay on input line 6.

(/usr/local/texlive/2018basic/texmf-dist/tex/context/base/mkii/supp-pdf.mkii
[Loading MPS to PDF converter (version 2006.09.02).]
\scratchcounter=\count89
\scratchdimen=\dimen112
\scratchbox=\box26
\nofMPsegments=\count90
\nofMParguments=\count91
\everyMPshowfont=\toks15
\MPscratchCnt=\count92
\MPscratchDim=\dimen113
\MPnumerator=\count93
\makeMPintoPDFobject=\count94
\everyMPtoPDFconversion=\toks16
) (/usr/local/texlive/2018basic/texmf-dist/tex/latex/oberdiek/epstopdf-base.sty
Package: epstopdf-base 2016/05/15 v2.6 Base part for package epstopdf
(/usr/local/texlive/2018basic/texmf-dist/tex/generic/oberdiek/infwarerr.sty
Package: infwarerr 2016/05/16 v1.4 Providing info/warning/error messages (HO)
)
(/usr/local/texlive/2018basic/texmf-dist/tex/latex/oberdiek/grfext.sty
Package: grfext 2016/05/16 v1.2 Manage graphics extensions (HO)

(/usr/local/texlive/2018basic/texmf-dist/tex/generic/oberdiek/kvdefinekeys.sty
Package: kvdefinekeys 2016/05/16 v1.4 Define keys (HO)

(/usr/local/texlive/2018basic/texmf-dist/tex/generic/oberdiek/ltxcmds.sty
Package: ltxcmds 2016/05/16 v1.23 LaTeX kernel commands for general use (HO)
)))
(/usr/local/texlive/2018basic/texmf-dist/tex/latex/oberdiek/kvoptions.sty
Package: kvoptions 2016/05/16 v3.12 Key value format for package options (HO)

(/usr/local/texlive/2018basic/texmf-dist/tex/generic/oberdiek/kvsetkeys.sty
Package: kvsetkeys 2016/05/16 v1.17 Key value parser (HO)

(/usr/local/texlive/2018basic/texmf-dist/tex/generic/oberdiek/etexcmds.sty
Package: etexcmds 2016/05/16 v1.6 Avoid name clashes with e-TeX commands (HO)

(/usr/local/texlive/2018basic/texmf-dist/tex/generic/oberdiek/ifluatex.sty
Package: ifluatex 2016/05/16 v1.4 Provides the ifluatex switch (HO)
Package ifluatex Info: LuaTeX not detected.
)
Package etexcmds Info: Could not find \expanded.
(etexcmds)             That can mean that you are not using pdfTeX 1.50 or
(etexcmds)             that some package has redefined \expanded.
(etexcmds)             In the latter case, load this package earlier.
)))
(/usr/local/texlive/2018basic/texmf-dist/tex/generic/oberdiek/pdftexcmds.sty
Package: pdftexcmds 2018/01/30 v0.27 Utility functions of pdfTeX for LuaTeX (HO
)

(/usr/local/texlive/2018basic/texmf-dist/tex/generic/oberdiek/ifpdf.sty
Package: ifpdf 2017/03/15 v3.2 Provides the ifpdf switch
)
Package pdftexcmds Info: LuaTeX not detected.
Package pdftexcmds Info: \pdf@primitive is available.
Package pdftexcmds Info: \pdf@ifprimitive is available.
Package pdftexcmds Info: \pdfdraftmode found.
)
Package epstopdf-base Info: Redefining graphics rule for `.eps' on input line 4
38.
Package grfext Info: Graphics extension search list:
(grfext)             [.pdf,.png,.jpg,.mps,.jpeg,.jbig2,.jb2,.PDF,.PNG,.JPG,.JPE
G,.JBIG2,.JB2,.eps]
(grfext)             \AppendGraphicsExtensions on input line 456.

(/usr/local/texlive/2018basic/texmf-dist/tex/latex/latexconfig/epstopdf-sys.cfg
File: epstopdf-sys.cfg 2010/07/13 v1.3 Configuration of (r)epstopdf for TeX Liv
e
))
Package caption Info: Begin \AtBeginDocument code.
Package caption Info: End \AtBeginDocument code.
LaTeX Font Info:    Try loading font information for OMS+cmr on input line 9.
 (/usr/local/texlive/2018basic/texmf-dist/tex/latex/base/omscmr.fd
File: omscmr.fd 2014/09/29 v2.5h Standard LaTeX font definitions
)
LaTeX Font Info:    Font shape `OMS/cmr/m/n' in size <10> not available
(Font)              Font shape `OMS/cmsy/m/n' tried instead on input line 9.
<images/nslook1.png, id=1, 225.84375pt x 91.34125pt>
File: images/nslook1.png Graphic file (type png)
<use images/nslook1.png>
Package pdftex.def Info: images/nslook1.png  used on input line 13.
(pdftex.def)             Requested size: 180.67523pt x 73.07309pt.
<images/nslookup2.png, id=3, 365.365pt x 200.75pt>
File: images/nslookup2.png Graphic file (type png)
<use images/nslookup2.png>
Package pdftex.def Info: images/nslookup2.png  used on input line 17.
(pdftex.def)             Requested size: 219.22069pt x 120.45091pt.
<images/DNS4.png, id=4, 684.5575pt x 82.3075pt>
File: images/DNS4.png Graphic file (type png)
<use images/DNS4.png>
Package pdftex.def Info: images/DNS4.png  used on input line 33.
(pdftex.def)             Requested size: 273.81815pt x 32.92241pt.
<images/DNS5.png, id=5, 499.8675pt x 144.54pt>
File: images/DNS5.png Graphic file (type png)
<use images/DNS5.png>
Package pdftex.def Info: images/DNS5.png  used on input line 39.
(pdftex.def)             Requested size: 249.93314pt x 72.2698pt.
 [1

{/usr/local/texlive/2018basic/texmf-var/fonts/map/pdftex/updmap/pdftex.map} <./
images/nslook1.png> <./images/nslookup2.png> <./images/DNS4.png>]
<images/DNS6.png, id=17, 306.14375pt x 212.795pt>
File: images/DNS6.png Graphic file (type png)
<use images/DNS6.png>
Package pdftex.def Info: images/DNS6.png  used on input line 44.
(pdftex.def)             Requested size: 306.14299pt x 212.79446pt.

Overfull \hbox (26.84299pt too wide) in paragraph at lines 44--44
[][] 
 []

<images/DNS6b.png, id=18, 569.12625pt x 69.25874pt>
File: images/DNS6b.png Graphic file (type png)
<use images/DNS6b.png>
Package pdftex.def Info: images/DNS6b.png  used on input line 45.
(pdftex.def)             Requested size: 284.56242pt x 34.62927pt.

Overfull \hbox (5.26242pt too wide) in paragraph at lines 45--46
[][] 
 []

<images/DNS7.png, id=19, 604.2575pt x 263.98625pt>
File: images/DNS7.png Graphic file (type png)
<use images/DNS7.png>
Package pdftex.def Info: images/DNS7.png  used on input line 51.
(pdftex.def)             Requested size: 362.5573pt x 158.39296pt.

Overfull \hbox (83.2573pt too wide) in paragraph at lines 51--52
[][] 
 []

[2 <./images/DNS5.png> <./images/DNS6.png> <./images/DNS6b.png>]
<images/DNS8.png, id=26, 450.68375pt x 128.48pt>
File: images/DNS8.png Graphic file (type png)
<use images/DNS8.png>
Package pdftex.def Info: images/DNS8.png  used on input line 56.
(pdftex.def)             Requested size: 225.34131pt x 64.23984pt.
<images/DNS9.png, id=27, 678.535pt x 30.1125pt>
File: images/DNS9.png Graphic file (type png)
<use images/DNS9.png>
Package pdftex.def Info: images/DNS9.png  used on input line 62.
(pdftex.def)             Requested size: 339.26666pt x 15.0562pt.

Overfull \hbox (59.96666pt too wide) in paragraph at lines 62--63
[][] 
 []

<images/DNS11a.png, id=28, 397.485pt x 66.2475pt>
File: images/DNS11a.png Graphic file (type png)
<use images/DNS11a.png>
Package pdftex.def Info: images/DNS11a.png  used on input line 68.
(pdftex.def)             Requested size: 198.742pt x 33.12366pt.
<images/DNS11b.png, id=29, 438.63875pt x 69.25874pt>
File: images/DNS11b.png Graphic file (type png)
<use images/DNS11b.png>
Package pdftex.def Info: images/DNS11b.png  used on input line 69.
(pdftex.def)             Requested size: 219.31883pt x 34.62927pt.
[3 <./images/DNS7.png> <./images/DNS8.png> <./images/DNS9.png> <./images/DNS11a
.png> <./images/DNS11b.png>]
<images/DNS12.png, id=38, 558.085pt x 66.2475pt>
File: images/DNS12.png Graphic file (type png)
<use images/DNS12.png>
Package pdftex.def Info: images/DNS12.png  used on input line 75.
(pdftex.def)             Requested size: 279.04182pt x 33.12366pt.
<images/DNS13.png, id=39, 812.03375pt x 238.8925pt>
File: images/DNS13.png Graphic file (type png)
<use images/DNS13.png>
Package pdftex.def Info: images/DNS13.png  used on input line 81.
(pdftex.def)             Requested size: 406.01588pt x 119.44595pt.

Overfull \hbox (126.71588pt too wide) in paragraph at lines 81--82
[][] 
 []

<images/DNS14.png, id=40, 596.2275pt x 373.395pt>
File: images/DNS14.png Graphic file (type png)
<use images/DNS14.png>
Package pdftex.def Info: images/DNS14.png  used on input line 87.
(pdftex.def)             Requested size: 298.11302pt x 186.69704pt.

Overfull \hbox (18.81302pt too wide) in paragraph at lines 87--88
[][] 
 []

<images/DNS16.png, id=41, 705.63625pt x 68.255pt>
File: images/DNS16.png Graphic file (type png)
<use images/DNS16.png>
Package pdftex.def Info: images/DNS16.png  used on input line 94.
(pdftex.def)             Requested size: 352.81726pt x 34.12741pt.

Overfull \hbox (73.51726pt too wide) in paragraph at lines 94--95
[][] 
 []

[4 <./images/DNS12.png> <./images/DNS13.png> <./images/DNS14.png>]
<images/DNS17.png, id=48, 374.39874pt x 136.51pt>
File: images/DNS17.png Graphic file (type png)
<use images/DNS17.png>
Package pdftex.def Info: images/DNS17.png  used on input line 99.
(pdftex.def)             Requested size: 187.19891pt x 68.25482pt.
<images/DNS20.png, id=49, 777.90625pt x 132.495pt>
File: images/DNS20.png Graphic file (type png)
<use images/DNS20.png>
Package pdftex.def Info: images/DNS20.png  used on input line 111.
(pdftex.def)             Requested size: 388.95216pt x 66.24733pt.

Overfull \hbox (109.65216pt too wide) in paragraph at lines 111--112
[][] 
 []

<images/DNS21.png, id=50, 480.79625pt x 333.245pt>
File: images/DNS21.png Graphic file (type png)
<use images/DNS21.png>
Package pdftex.def Info: images/DNS21.png  used on input line 116.
(pdftex.def)             Requested size: 240.39752pt x 166.62209pt.
[5 <./images/DNS16.png> <./images/DNS17.png> <./images/DNS20.png>]
<images/DNS22.png, id=57, 492.84125pt x 148.555pt>
File: images/DNS22.png Graphic file (type png)
<use images/DNS22.png>
Package pdftex.def Info: images/DNS22.png  used on input line 121.
(pdftex.def)             Requested size: 246.42001pt x 74.27731pt.
 [6 <./images/DNS21.png> <./images/DNS22.png>] (./DNS.aux) ) 
Here is how much of TeX's memory you used:
 2587 strings out of 494091
 42093 string characters out of 6163523
 99529 words of memory out of 5000000
 6252 multiletter control sequences out of 15000+600000
 3948 words of font info for 15 fonts, out of 8000000 for 9000
 319 hyphenation exceptions out of 8191
 41i,5n,38p,270b,318s stack positions out of 5000i,500n,10000p,200000b,80000s
</usr/local/texlive
/2018basic/texmf-dist/fonts/type1/public/amsfonts/cm/cmbx10.pfb></usr/local/tex
live/2018basic/texmf-dist/fonts/type1/public/amsfonts/cm/cmr10.pfb></usr/local/
texlive/2018basic/texmf-dist/fonts/type1/public/amsfonts/cm/cmsy10.pfb>
Output written on DNS.pdf (6 pages, 797128 bytes).
PDF statistics:
 74 PDF objects out of 1000 (max. 8388607)
 24 compressed objects within 1 object stream
 0 named destinations out of 1000 (max. 500000)
 96 words of extra memory for PDF output out of 10000 (max. 10000000)

